{"uid":"bf8ca2218cfeb0f2","name":"positiveIntensityTest","fullName":"tests.CalculatorTests.positiveIntensityTest","historyId":"d8b6f894ff6d96367a503be9dc8152e6","time":{"start":1759861564276,"stop":1759861575646,"duration":11370},"status":"failed","statusMessage":"Element not found {a[href='#'].ptip_s}\nExpected: clickable: interactable and enabled\nScreenshot: file:/home/runner/work/Diplom/Diplom/build/reports/tests/1759861575512.12.png\nPage source: file:/home/runner/work/Diplom/Diplom/build/reports/tests/1759861575512.12.html\nTimeout: 10 s.\nCaused by: NoSuchElementException: no such element: Unable to locate element: {\"method\":\"css selector\",\"selector\":\"a[href='#'].ptip_s\"}","statusTrace":"Element not found {a[href='#'].ptip_s}\nExpected: clickable: interactable and enabled\nScreenshot: file:/home/runner/work/Diplom/Diplom/build/reports/tests/1759861575512.12.png\nPage source: file:/home/runner/work/Diplom/Diplom/build/reports/tests/1759861575512.12.html\nTimeout: 10 s.\nCaused by: NoSuchElementException: no such element: Unable to locate element: {\"method\":\"css selector\",\"selector\":\"a[href='#'].ptip_s\"}\n\tat com.codeborne.selenide.impl.WebElementSource.createElementNotFoundError(WebElementSource.java:90)\n\tat com.codeborne.selenide.impl.ElementFinder.createElementNotFoundError(ElementFinder.java:142)\n\tat com.codeborne.selenide.impl.WebElementSource.handleError(WebElementSource.java:142)\n\tat com.codeborne.selenide.impl.WebElementSource.checkConditionAndReturnElement(WebElementSource.java:126)\n\tat com.codeborne.selenide.impl.WebElementSource.findAndAssertElementIsClickable(WebElementSource.java:178)\n\tat com.codeborne.selenide.commands.Click.findElement(Click.java:53)\n\tat com.codeborne.selenide.commands.Click.execute(Click.java:34)\n\tat com.codeborne.selenide.commands.Click.execute(Click.java:26)\n\tat com.codeborne.selenide.commands.Commands.execute(Commands.java:162)\n\tat com.codeborne.selenide.impl.SelenideElementProxy.dispatchAndRetry(SelenideElementProxy.java:134)\n\tat com.codeborne.selenide.impl.SelenideElementProxy.invoke(SelenideElementProxy.java:86)\n\tat jdk.proxy2/jdk.proxy2.$Proxy30.click(Unknown Source)\n\tat pages.DashboardPage.clickCalculatorMenu(DashboardPage.java:49)\n\tat tests.CalculatorTests.positiveIntensityTest(CalculatorTests.java:22)\n\tat java.base/jdk.internal.reflect.NativeMethodAccessorImpl.invoke0(Native Method)\n\tat java.base/jdk.internal.reflect.NativeMethodAccessorImpl.invoke(NativeMethodAccessorImpl.java:77)\n\tat java.base/jdk.internal.reflect.DelegatingMethodAccessorImpl.invoke(DelegatingMethodAccessorImpl.java:43)\n\tat java.base/java.lang.reflect.Method.invoke(Method.java:569)\n\tat org.testng.internal.invokers.MethodInvocationHelper.invokeMethod(MethodInvocationHelper.java:141)\n\tat org.testng.internal.invokers.TestInvoker.invokeMethod(TestInvoker.java:686)\n\tat org.testng.internal.invokers.TestInvoker.invokeTestMethod(TestInvoker.java:230)\n\tat org.testng.internal.invokers.MethodRunner.runInSequence(MethodRunner.java:63)\n\tat org.testng.internal.invokers.TestInvoker$MethodInvocationAgent.invoke(TestInvoker.java:992)\n\tat org.testng.internal.invokers.TestInvoker.invokeTestMethods(TestInvoker.java:203)\n\tat org.testng.internal.invokers.TestMethodWorker.invokeTestMethods(TestMethodWorker.java:154)\n\tat org.testng.internal.invokers.TestMethodWorker.run(TestMethodWorker.java:134)\n\tat java.base/java.util.concurrent.Executors$RunnableAdapter.call(Executors.java:539)\n\tat java.base/java.util.concurrent.FutureTask.run(FutureTask.java:264)\n\tat org.testng.internal.thread.graph.TestNGFutureTask.run(TestNGFutureTask.java:22)\n\tat java.base/java.util.concurrent.ThreadPoolExecutor.runWorker(ThreadPoolExecutor.java:1136)\n\tat java.base/java.util.concurrent.ThreadPoolExecutor$Worker.run(ThreadPoolExecutor.java:635)\n\tat java.base/java.lang.Thread.run(Thread.java:840)\nCaused by: org.openqa.selenium.NoSuchElementException: no such element: Unable to locate element: {\"method\":\"css selector\",\"selector\":\"a[href='#'].ptip_s\"}\n  (Session info: chrome=140.0.7339.207)\nFor documentation on this error, please visit: https://www.selenium.dev/documentation/webdriver/troubleshooting/errors#no-such-element-exception\nBuild info: version: '4.23.0', revision: '4df0a231af'\nSystem info: os.name: 'Linux', os.arch: 'amd64', os.version: '6.11.0-1018-azure', java.version: '17.0.16'\nDriver info: org.openqa.selenium.chrome.ChromeDriver\nCommand: [5e61a9ac7fc18b1d8035557f3520845c, findElement {using=css selector, value=a[href='#'].ptip_s}]\nCapabilities {acceptInsecureCerts: true, browserName: chrome, browserVersion: 140.0.7339.207, chrome: {chromedriverVersion: 140.0.7339.207 (17230b545fd..., userDataDir: /tmp/.org.chromium.Chromium...}, fedcm:accounts: true, goog:chromeOptions: {debuggerAddress: localhost:44577}, networkConnectionEnabled: false, pageLoadStrategy: normal, platformName: linux, proxy: Proxy(), se:cdp: ws://localhost:44577/devtoo..., se:cdpVersion: 140.0.7339.207, setWindowRect: true, strictFileInteractability: false, timeouts: {implicit: 0, pageLoad: 300000, script: 30000}, unhandledPromptBehavior: accept, webauthn:extension:credBlob: true, webauthn:extension:largeBlob: true, webauthn:extension:minPinLength: true, webauthn:extension:prf: true, webauthn:virtualAuthenticators: true}\nSession ID: 5e61a9ac7fc18b1d8035557f3520845c\n\tat jdk.internal.reflect.GeneratedConstructorAccessor19.newInstance(Unknown Source)\n\tat java.base/jdk.internal.reflect.DelegatingConstructorAccessorImpl.newInstance(DelegatingConstructorAccessorImpl.java:45)\n\tat java.base/java.lang.reflect.Constructor.newInstanceWithCaller(Constructor.java:500)\n\tat java.base/java.lang.reflect.Constructor.newInstance(Constructor.java:481)\n\tat org.openqa.selenium.remote.ErrorCodec.decode(ErrorCodec.java:167)\n\tat org.openqa.selenium.remote.codec.w3c.W3CHttpResponseCodec.decode(W3CHttpResponseCodec.java:138)\n\tat org.openqa.selenium.remote.codec.w3c.W3CHttpResponseCodec.decode(W3CHttpResponseCodec.java:50)\n\tat org.openqa.selenium.remote.HttpCommandExecutor.execute(HttpCommandExecutor.java:190)\n\tat org.openqa.selenium.remote.service.DriverCommandExecutor.invokeExecute(DriverCommandExecutor.java:216)\n\tat org.openqa.selenium.remote.service.DriverCommandExecutor.execute(DriverCommandExecutor.java:174)\n\tat org.openqa.selenium.remote.RemoteWebDriver.execute(RemoteWebDriver.java:527)\n\tat org.openqa.selenium.remote.ElementLocation$ElementFinder$2.findElement(ElementLocation.java:165)\n\tat org.openqa.selenium.remote.ElementLocation.findElement(ElementLocation.java:59)\n\tat org.openqa.selenium.remote.RemoteWebDriver.findElement(RemoteWebDriver.java:357)\n\tat org.openqa.selenium.remote.RemoteWebDriver.findElement(RemoteWebDriver.java:351)\n\tat com.codeborne.selenide.impl.WebElementSelector.findElement(WebElementSelector.java:73)\n\tat com.codeborne.selenide.impl.WebElementSelector.findElement(WebElementSelector.java:46)\n\tat com.codeborne.selenide.impl.WebElementSelector.findElement(WebElementSelector.java:35)\n\tat com.codeborne.selenide.impl.ElementFinder.getWebElement(ElementFinder.java:122)\n\tat com.codeborne.selenide.impl.WebElementSource.checkConditionAndReturnElement(WebElementSource.java:115)\n\t... 28 more\n","flaky":false,"newFailed":false,"newBroken":false,"newPassed":false,"retriesCount":0,"retriesStatusChange":false,"beforeStages":[{"name":"setUp","time":{"start":1759861552877,"stop":1759861552877,"duration":0},"description":"","status":"passed","steps":[],"attachments":[],"parameters":[],"stepsCount":0,"attachmentsCount":0,"shouldDisplayMessage":false,"hasContent":false}],"testStage":{"status":"failed","statusMessage":"Element not found {a[href='#'].ptip_s}\nExpected: clickable: interactable and enabled\nScreenshot: file:/home/runner/work/Diplom/Diplom/build/reports/tests/1759861575512.12.png\nPage source: file:/home/runner/work/Diplom/Diplom/build/reports/tests/1759861575512.12.html\nTimeout: 10 s.\nCaused by: NoSuchElementException: no such element: Unable to locate element: {\"method\":\"css selector\",\"selector\":\"a[href='#'].ptip_s\"}","statusTrace":"Element not found {a[href='#'].ptip_s}\nExpected: clickable: interactable and enabled\nScreenshot: file:/home/runner/work/Diplom/Diplom/build/reports/tests/1759861575512.12.png\nPage source: file:/home/runner/work/Diplom/Diplom/build/reports/tests/1759861575512.12.html\nTimeout: 10 s.\nCaused by: NoSuchElementException: no such element: Unable to locate element: {\"method\":\"css selector\",\"selector\":\"a[href='#'].ptip_s\"}\n\tat com.codeborne.selenide.impl.WebElementSource.createElementNotFoundError(WebElementSource.java:90)\n\tat com.codeborne.selenide.impl.ElementFinder.createElementNotFoundError(ElementFinder.java:142)\n\tat com.codeborne.selenide.impl.WebElementSource.handleError(WebElementSource.java:142)\n\tat com.codeborne.selenide.impl.WebElementSource.checkConditionAndReturnElement(WebElementSource.java:126)\n\tat com.codeborne.selenide.impl.WebElementSource.findAndAssertElementIsClickable(WebElementSource.java:178)\n\tat com.codeborne.selenide.commands.Click.findElement(Click.java:53)\n\tat com.codeborne.selenide.commands.Click.execute(Click.java:34)\n\tat com.codeborne.selenide.commands.Click.execute(Click.java:26)\n\tat com.codeborne.selenide.commands.Commands.execute(Commands.java:162)\n\tat com.codeborne.selenide.impl.SelenideElementProxy.dispatchAndRetry(SelenideElementProxy.java:134)\n\tat com.codeborne.selenide.impl.SelenideElementProxy.invoke(SelenideElementProxy.java:86)\n\tat jdk.proxy2/jdk.proxy2.$Proxy30.click(Unknown Source)\n\tat pages.DashboardPage.clickCalculatorMenu(DashboardPage.java:49)\n\tat tests.CalculatorTests.positiveIntensityTest(CalculatorTests.java:22)\n\tat java.base/jdk.internal.reflect.NativeMethodAccessorImpl.invoke0(Native Method)\n\tat java.base/jdk.internal.reflect.NativeMethodAccessorImpl.invoke(NativeMethodAccessorImpl.java:77)\n\tat java.base/jdk.internal.reflect.DelegatingMethodAccessorImpl.invoke(DelegatingMethodAccessorImpl.java:43)\n\tat java.base/java.lang.reflect.Method.invoke(Method.java:569)\n\tat org.testng.internal.invokers.MethodInvocationHelper.invokeMethod(MethodInvocationHelper.java:141)\n\tat org.testng.internal.invokers.TestInvoker.invokeMethod(TestInvoker.java:686)\n\tat org.testng.internal.invokers.TestInvoker.invokeTestMethod(TestInvoker.java:230)\n\tat org.testng.internal.invokers.MethodRunner.runInSequence(MethodRunner.java:63)\n\tat org.testng.internal.invokers.TestInvoker$MethodInvocationAgent.invoke(TestInvoker.java:992)\n\tat org.testng.internal.invokers.TestInvoker.invokeTestMethods(TestInvoker.java:203)\n\tat org.testng.internal.invokers.TestMethodWorker.invokeTestMethods(TestMethodWorker.java:154)\n\tat org.testng.internal.invokers.TestMethodWorker.run(TestMethodWorker.java:134)\n\tat java.base/java.util.concurrent.Executors$RunnableAdapter.call(Executors.java:539)\n\tat java.base/java.util.concurrent.FutureTask.run(FutureTask.java:264)\n\tat org.testng.internal.thread.graph.TestNGFutureTask.run(TestNGFutureTask.java:22)\n\tat java.base/java.util.concurrent.ThreadPoolExecutor.runWorker(ThreadPoolExecutor.java:1136)\n\tat java.base/java.util.concurrent.ThreadPoolExecutor$Worker.run(ThreadPoolExecutor.java:635)\n\tat java.base/java.lang.Thread.run(Thread.java:840)\nCaused by: org.openqa.selenium.NoSuchElementException: no such element: Unable to locate element: {\"method\":\"css selector\",\"selector\":\"a[href='#'].ptip_s\"}\n  (Session info: chrome=140.0.7339.207)\nFor documentation on this error, please visit: https://www.selenium.dev/documentation/webdriver/troubleshooting/errors#no-such-element-exception\nBuild info: version: '4.23.0', revision: '4df0a231af'\nSystem info: os.name: 'Linux', os.arch: 'amd64', os.version: '6.11.0-1018-azure', java.version: '17.0.16'\nDriver info: org.openqa.selenium.chrome.ChromeDriver\nCommand: [5e61a9ac7fc18b1d8035557f3520845c, findElement {using=css selector, value=a[href='#'].ptip_s}]\nCapabilities {acceptInsecureCerts: true, browserName: chrome, browserVersion: 140.0.7339.207, chrome: {chromedriverVersion: 140.0.7339.207 (17230b545fd..., userDataDir: /tmp/.org.chromium.Chromium...}, fedcm:accounts: true, goog:chromeOptions: {debuggerAddress: localhost:44577}, networkConnectionEnabled: false, pageLoadStrategy: normal, platformName: linux, proxy: Proxy(), se:cdp: ws://localhost:44577/devtoo..., se:cdpVersion: 140.0.7339.207, setWindowRect: true, strictFileInteractability: false, timeouts: {implicit: 0, pageLoad: 300000, script: 30000}, unhandledPromptBehavior: accept, webauthn:extension:credBlob: true, webauthn:extension:largeBlob: true, webauthn:extension:minPinLength: true, webauthn:extension:prf: true, webauthn:virtualAuthenticators: true}\nSession ID: 5e61a9ac7fc18b1d8035557f3520845c\n\tat jdk.internal.reflect.GeneratedConstructorAccessor19.newInstance(Unknown Source)\n\tat java.base/jdk.internal.reflect.DelegatingConstructorAccessorImpl.newInstance(DelegatingConstructorAccessorImpl.java:45)\n\tat java.base/java.lang.reflect.Constructor.newInstanceWithCaller(Constructor.java:500)\n\tat java.base/java.lang.reflect.Constructor.newInstance(Constructor.java:481)\n\tat org.openqa.selenium.remote.ErrorCodec.decode(ErrorCodec.java:167)\n\tat org.openqa.selenium.remote.codec.w3c.W3CHttpResponseCodec.decode(W3CHttpResponseCodec.java:138)\n\tat org.openqa.selenium.remote.codec.w3c.W3CHttpResponseCodec.decode(W3CHttpResponseCodec.java:50)\n\tat org.openqa.selenium.remote.HttpCommandExecutor.execute(HttpCommandExecutor.java:190)\n\tat org.openqa.selenium.remote.service.DriverCommandExecutor.invokeExecute(DriverCommandExecutor.java:216)\n\tat org.openqa.selenium.remote.service.DriverCommandExecutor.execute(DriverCommandExecutor.java:174)\n\tat org.openqa.selenium.remote.RemoteWebDriver.execute(RemoteWebDriver.java:527)\n\tat org.openqa.selenium.remote.ElementLocation$ElementFinder$2.findElement(ElementLocation.java:165)\n\tat org.openqa.selenium.remote.ElementLocation.findElement(ElementLocation.java:59)\n\tat org.openqa.selenium.remote.RemoteWebDriver.findElement(RemoteWebDriver.java:357)\n\tat org.openqa.selenium.remote.RemoteWebDriver.findElement(RemoteWebDriver.java:351)\n\tat com.codeborne.selenide.impl.WebElementSelector.findElement(WebElementSelector.java:73)\n\tat com.codeborne.selenide.impl.WebElementSelector.findElement(WebElementSelector.java:46)\n\tat com.codeborne.selenide.impl.WebElementSelector.findElement(WebElementSelector.java:35)\n\tat com.codeborne.selenide.impl.ElementFinder.getWebElement(ElementFinder.java:122)\n\tat com.codeborne.selenide.impl.WebElementSource.checkConditionAndReturnElement(WebElementSource.java:115)\n\t... 28 more\n","steps":[{"name":"$(\"open\") https://log.finalsurge.com/","time":{"start":1759861564276,"stop":1759861565216,"duration":940},"status":"passed","steps":[{"name":"$(\"webdriver\") create()","time":{"start":1759861564276,"stop":1759861564560,"duration":284},"status":"passed","steps":[],"attachments":[],"parameters":[],"stepsCount":0,"attachmentsCount":0,"shouldDisplayMessage":false,"hasContent":false}],"attachments":[],"parameters":[],"stepsCount":1,"attachmentsCount":0,"shouldDisplayMessage":false,"hasContent":true},{"name":"Авторизация с логином null и паролем null","time":{"start":1759861565216,"stop":1759861565413,"duration":197},"status":"passed","steps":[{"name":"Ввести email: null","time":{"start":1759861565216,"stop":1759861565280,"duration":64},"status":"passed","steps":[{"name":"$(\"#login_name\") set value(null)","time":{"start":1759861565216,"stop":1759861565280,"duration":64},"status":"passed","steps":[],"attachments":[],"parameters":[],"stepsCount":0,"attachmentsCount":0,"shouldDisplayMessage":false,"hasContent":false}],"attachments":[],"parameters":[{"name":"email","value":"null"}],"stepsCount":1,"attachmentsCount":0,"shouldDisplayMessage":false,"hasContent":true},{"name":"Ввести пароль","time":{"start":1759861565280,"stop":1759861565329,"duration":49},"status":"passed","steps":[{"name":"$(\"#login_password\") set value(null)","time":{"start":1759861565280,"stop":1759861565329,"duration":49},"status":"passed","steps":[],"attachments":[],"parameters":[],"stepsCount":0,"attachmentsCount":0,"shouldDisplayMessage":false,"hasContent":false}],"attachments":[],"parameters":[{"name":"password","value":"null"}],"stepsCount":1,"attachmentsCount":0,"shouldDisplayMessage":false,"hasContent":true},{"name":"Нажать кнопку входа","time":{"start":1759861565329,"stop":1759861565413,"duration":84},"status":"passed","steps":[{"name":"$(\"button[type='submit']\") should be(visible)","time":{"start":1759861565329,"stop":1759861565343,"duration":14},"status":"passed","steps":[],"attachments":[],"parameters":[],"stepsCount":0,"attachmentsCount":0,"shouldDisplayMessage":false,"hasContent":false},{"name":"$(\"button[type='submit']\") click()","time":{"start":1759861565343,"stop":1759861565413,"duration":70},"status":"passed","steps":[],"attachments":[],"parameters":[],"stepsCount":0,"attachmentsCount":0,"shouldDisplayMessage":false,"hasContent":false}],"attachments":[],"parameters":[],"stepsCount":2,"attachmentsCount":0,"shouldDisplayMessage":false,"hasContent":true}],"attachments":[],"parameters":[{"name":"email","value":"null"},{"name":"password","value":"null"}],"stepsCount":7,"attachmentsCount":0,"shouldDisplayMessage":false,"hasContent":true},{"name":"Открыть страницу 'Калькулятор'","time":{"start":1759861565413,"stop":1759861575645,"duration":10232},"status":"failed","statusMessage":"Element not found {a[href='#'].ptip_s}\nExpected: clickable: interactable and enabled\nScreenshot: file:/home/runner/work/Diplom/Diplom/build/reports/tests/1759861575512.12.png\nPage source: file:/home/runner/work/Diplom/Diplom/build/reports/tests/1759861575512.12.html\nTimeout: 10 s.\nCaused by: NoSuchElementException: no such element: Unable to locate element: {\"method\":\"css selector\",\"selector\":\"a[href='#'].ptip_s\"}","statusTrace":"Element not found {a[href='#'].ptip_s}\nExpected: clickable: interactable and enabled\nScreenshot: file:/home/runner/work/Diplom/Diplom/build/reports/tests/1759861575512.12.png\nPage source: file:/home/runner/work/Diplom/Diplom/build/reports/tests/1759861575512.12.html\nTimeout: 10 s.\nCaused by: NoSuchElementException: no such element: Unable to locate element: {\"method\":\"css selector\",\"selector\":\"a[href='#'].ptip_s\"}\n\tat com.codeborne.selenide.impl.WebElementSource.createElementNotFoundError(WebElementSource.java:90)\n\tat com.codeborne.selenide.impl.ElementFinder.createElementNotFoundError(ElementFinder.java:142)\n\tat com.codeborne.selenide.impl.WebElementSource.handleError(WebElementSource.java:142)\n\tat com.codeborne.selenide.impl.WebElementSource.checkConditionAndReturnElement(WebElementSource.java:126)\n\tat com.codeborne.selenide.impl.WebElementSource.findAndAssertElementIsClickable(WebElementSource.java:178)\n\tat com.codeborne.selenide.commands.Click.findElement(Click.java:53)\n\tat com.codeborne.selenide.commands.Click.execute(Click.java:34)\n\tat com.codeborne.selenide.commands.Click.execute(Click.java:26)\n\tat com.codeborne.selenide.commands.Commands.execute(Commands.java:162)\n\tat com.codeborne.selenide.impl.SelenideElementProxy.dispatchAndRetry(SelenideElementProxy.java:134)\n\tat com.codeborne.selenide.impl.SelenideElementProxy.invoke(SelenideElementProxy.java:86)\n\tat jdk.proxy2/jdk.proxy2.$Proxy30.click(Unknown Source)\n\tat pages.DashboardPage.clickCalculatorMenu(DashboardPage.java:49)\n\tat tests.CalculatorTests.positiveIntensityTest(CalculatorTests.java:22)\n\tat java.base/jdk.internal.reflect.NativeMethodAccessorImpl.invoke0(Native Method)\n\tat java.base/jdk.internal.reflect.NativeMethodAccessorImpl.invoke(NativeMethodAccessorImpl.java:77)\n\tat java.base/jdk.internal.reflect.DelegatingMethodAccessorImpl.invoke(DelegatingMethodAccessorImpl.java:43)\n\tat java.base/java.lang.reflect.Method.invoke(Method.java:569)\n\tat org.testng.internal.invokers.MethodInvocationHelper.invokeMethod(MethodInvocationHelper.java:141)\n\tat org.testng.internal.invokers.TestInvoker.invokeMethod(TestInvoker.java:686)\n\tat org.testng.internal.invokers.TestInvoker.invokeTestMethod(TestInvoker.java:230)\n\tat org.testng.internal.invokers.MethodRunner.runInSequence(MethodRunner.java:63)\n\tat org.testng.internal.invokers.TestInvoker$MethodInvocationAgent.invoke(TestInvoker.java:992)\n\tat org.testng.internal.invokers.TestInvoker.invokeTestMethods(TestInvoker.java:203)\n\tat org.testng.internal.invokers.TestMethodWorker.invokeTestMethods(TestMethodWorker.java:154)\n\tat org.testng.internal.invokers.TestMethodWorker.run(TestMethodWorker.java:134)\n\tat java.base/java.util.concurrent.Executors$RunnableAdapter.call(Executors.java:539)\n\tat java.base/java.util.concurrent.FutureTask.run(FutureTask.java:264)\n\tat org.testng.internal.thread.graph.TestNGFutureTask.run(TestNGFutureTask.java:22)\n\tat java.base/java.util.concurrent.ThreadPoolExecutor.runWorker(ThreadPoolExecutor.java:1136)\n\tat java.base/java.util.concurrent.ThreadPoolExecutor$Worker.run(ThreadPoolExecutor.java:635)\n\tat java.base/java.lang.Thread.run(Thread.java:840)\nCaused by: org.openqa.selenium.NoSuchElementException: no such element: Unable to locate element: {\"method\":\"css selector\",\"selector\":\"a[href='#'].ptip_s\"}\n  (Session info: chrome=140.0.7339.207)\nFor documentation on this error, please visit: https://www.selenium.dev/documentation/webdriver/troubleshooting/errors#no-such-element-exception\nBuild info: version: '4.23.0', revision: '4df0a231af'\nSystem info: os.name: 'Linux', os.arch: 'amd64', os.version: '6.11.0-1018-azure', java.version: '17.0.16'\nDriver info: org.openqa.selenium.chrome.ChromeDriver\nCommand: [5e61a9ac7fc18b1d8035557f3520845c, findElement {using=css selector, value=a[href='#'].ptip_s}]\nCapabilities {acceptInsecureCerts: true, browserName: chrome, browserVersion: 140.0.7339.207, chrome: {chromedriverVersion: 140.0.7339.207 (17230b545fd..., userDataDir: /tmp/.org.chromium.Chromium...}, fedcm:accounts: true, goog:chromeOptions: {debuggerAddress: localhost:44577}, networkConnectionEnabled: false, pageLoadStrategy: normal, platformName: linux, proxy: Proxy(), se:cdp: ws://localhost:44577/devtoo..., se:cdpVersion: 140.0.7339.207, setWindowRect: true, strictFileInteractability: false, timeouts: {implicit: 0, pageLoad: 300000, script: 30000}, unhandledPromptBehavior: accept, webauthn:extension:credBlob: true, webauthn:extension:largeBlob: true, webauthn:extension:minPinLength: true, webauthn:extension:prf: true, webauthn:virtualAuthenticators: true}\nSession ID: 5e61a9ac7fc18b1d8035557f3520845c\n\tat jdk.internal.reflect.GeneratedConstructorAccessor19.newInstance(Unknown Source)\n\tat java.base/jdk.internal.reflect.DelegatingConstructorAccessorImpl.newInstance(DelegatingConstructorAccessorImpl.java:45)\n\tat java.base/java.lang.reflect.Constructor.newInstanceWithCaller(Constructor.java:500)\n\tat java.base/java.lang.reflect.Constructor.newInstance(Constructor.java:481)\n\tat org.openqa.selenium.remote.ErrorCodec.decode(ErrorCodec.java:167)\n\tat org.openqa.selenium.remote.codec.w3c.W3CHttpResponseCodec.decode(W3CHttpResponseCodec.java:138)\n\tat org.openqa.selenium.remote.codec.w3c.W3CHttpResponseCodec.decode(W3CHttpResponseCodec.java:50)\n\tat org.openqa.selenium.remote.HttpCommandExecutor.execute(HttpCommandExecutor.java:190)\n\tat org.openqa.selenium.remote.service.DriverCommandExecutor.invokeExecute(DriverCommandExecutor.java:216)\n\tat org.openqa.selenium.remote.service.DriverCommandExecutor.execute(DriverCommandExecutor.java:174)\n\tat org.openqa.selenium.remote.RemoteWebDriver.execute(RemoteWebDriver.java:527)\n\tat org.openqa.selenium.remote.ElementLocation$ElementFinder$2.findElement(ElementLocation.java:165)\n\tat org.openqa.selenium.remote.ElementLocation.findElement(ElementLocation.java:59)\n\tat org.openqa.selenium.remote.RemoteWebDriver.findElement(RemoteWebDriver.java:357)\n\tat org.openqa.selenium.remote.RemoteWebDriver.findElement(RemoteWebDriver.java:351)\n\tat com.codeborne.selenide.impl.WebElementSelector.findElement(WebElementSelector.java:73)\n\tat com.codeborne.selenide.impl.WebElementSelector.findElement(WebElementSelector.java:46)\n\tat com.codeborne.selenide.impl.WebElementSelector.findElement(WebElementSelector.java:35)\n\tat com.codeborne.selenide.impl.ElementFinder.getWebElement(ElementFinder.java:122)\n\tat com.codeborne.selenide.impl.WebElementSource.checkConditionAndReturnElement(WebElementSource.java:115)\n\t... 28 more\n","steps":[{"name":"$(\"a[href='#'].ptip_s\") click()","time":{"start":1759861565413,"stop":1759861575644,"duration":10231},"status":"failed","statusMessage":"Element not found {a[href='#'].ptip_s}\nExpected: clickable: interactable and enabled\nScreenshot: file:/home/runner/work/Diplom/Diplom/build/reports/tests/1759861575512.12.png\nPage source: file:/home/runner/work/Diplom/Diplom/build/reports/tests/1759861575512.12.html\nTimeout: 10 s.\nCaused by: NoSuchElementException: no such element: Unable to locate element: {\"method\":\"css selector\",\"selector\":\"a[href='#'].ptip_s\"}","statusTrace":"Element not found {a[href='#'].ptip_s}\nExpected: clickable: interactable and enabled\nScreenshot: file:/home/runner/work/Diplom/Diplom/build/reports/tests/1759861575512.12.png\nPage source: file:/home/runner/work/Diplom/Diplom/build/reports/tests/1759861575512.12.html\nTimeout: 10 s.\nCaused by: NoSuchElementException: no such element: Unable to locate element: {\"method\":\"css selector\",\"selector\":\"a[href='#'].ptip_s\"}\n\tat com.codeborne.selenide.impl.WebElementSource.createElementNotFoundError(WebElementSource.java:90)\n\tat com.codeborne.selenide.impl.ElementFinder.createElementNotFoundError(ElementFinder.java:142)\n\tat com.codeborne.selenide.impl.WebElementSource.handleError(WebElementSource.java:142)\n\tat com.codeborne.selenide.impl.WebElementSource.checkConditionAndReturnElement(WebElementSource.java:126)\n\tat com.codeborne.selenide.impl.WebElementSource.findAndAssertElementIsClickable(WebElementSource.java:178)\n\tat com.codeborne.selenide.commands.Click.findElement(Click.java:53)\n\tat com.codeborne.selenide.commands.Click.execute(Click.java:34)\n\tat com.codeborne.selenide.commands.Click.execute(Click.java:26)\n\tat com.codeborne.selenide.commands.Commands.execute(Commands.java:162)\n\tat com.codeborne.selenide.impl.SelenideElementProxy.dispatchAndRetry(SelenideElementProxy.java:134)\n\tat com.codeborne.selenide.impl.SelenideElementProxy.invoke(SelenideElementProxy.java:86)\n\tat jdk.proxy2/jdk.proxy2.$Proxy30.click(Unknown Source)\n\tat pages.DashboardPage.clickCalculatorMenu(DashboardPage.java:49)\n\tat tests.CalculatorTests.positiveIntensityTest(CalculatorTests.java:22)\n\tat java.base/jdk.internal.reflect.NativeMethodAccessorImpl.invoke0(Native Method)\n\tat java.base/jdk.internal.reflect.NativeMethodAccessorImpl.invoke(NativeMethodAccessorImpl.java:77)\n\tat java.base/jdk.internal.reflect.DelegatingMethodAccessorImpl.invoke(DelegatingMethodAccessorImpl.java:43)\n\tat java.base/java.lang.reflect.Method.invoke(Method.java:569)\n\tat org.testng.internal.invokers.MethodInvocationHelper.invokeMethod(MethodInvocationHelper.java:141)\n\tat org.testng.internal.invokers.TestInvoker.invokeMethod(TestInvoker.java:686)\n\tat org.testng.internal.invokers.TestInvoker.invokeTestMethod(TestInvoker.java:230)\n\tat org.testng.internal.invokers.MethodRunner.runInSequence(MethodRunner.java:63)\n\tat org.testng.internal.invokers.TestInvoker$MethodInvocationAgent.invoke(TestInvoker.java:992)\n\tat org.testng.internal.invokers.TestInvoker.invokeTestMethods(TestInvoker.java:203)\n\tat org.testng.internal.invokers.TestMethodWorker.invokeTestMethods(TestMethodWorker.java:154)\n\tat org.testng.internal.invokers.TestMethodWorker.run(TestMethodWorker.java:134)\n\tat java.base/java.util.concurrent.Executors$RunnableAdapter.call(Executors.java:539)\n\tat java.base/java.util.concurrent.FutureTask.run(FutureTask.java:264)\n\tat org.testng.internal.thread.graph.TestNGFutureTask.run(TestNGFutureTask.java:22)\n\tat java.base/java.util.concurrent.ThreadPoolExecutor.runWorker(ThreadPoolExecutor.java:1136)\n\tat java.base/java.util.concurrent.ThreadPoolExecutor$Worker.run(ThreadPoolExecutor.java:635)\n\tat java.base/java.lang.Thread.run(Thread.java:840)\nCaused by: org.openqa.selenium.NoSuchElementException: no such element: Unable to locate element: {\"method\":\"css selector\",\"selector\":\"a[href='#'].ptip_s\"}\n  (Session info: chrome=140.0.7339.207)\nFor documentation on this error, please visit: https://www.selenium.dev/documentation/webdriver/troubleshooting/errors#no-such-element-exception\nBuild info: version: '4.23.0', revision: '4df0a231af'\nSystem info: os.name: 'Linux', os.arch: 'amd64', os.version: '6.11.0-1018-azure', java.version: '17.0.16'\nDriver info: org.openqa.selenium.chrome.ChromeDriver\nCommand: [5e61a9ac7fc18b1d8035557f3520845c, findElement {using=css selector, value=a[href='#'].ptip_s}]\nCapabilities {acceptInsecureCerts: true, browserName: chrome, browserVersion: 140.0.7339.207, chrome: {chromedriverVersion: 140.0.7339.207 (17230b545fd..., userDataDir: /tmp/.org.chromium.Chromium...}, fedcm:accounts: true, goog:chromeOptions: {debuggerAddress: localhost:44577}, networkConnectionEnabled: false, pageLoadStrategy: normal, platformName: linux, proxy: Proxy(), se:cdp: ws://localhost:44577/devtoo..., se:cdpVersion: 140.0.7339.207, setWindowRect: true, strictFileInteractability: false, timeouts: {implicit: 0, pageLoad: 300000, script: 30000}, unhandledPromptBehavior: accept, webauthn:extension:credBlob: true, webauthn:extension:largeBlob: true, webauthn:extension:minPinLength: true, webauthn:extension:prf: true, webauthn:virtualAuthenticators: true}\nSession ID: 5e61a9ac7fc18b1d8035557f3520845c\n\tat jdk.internal.reflect.GeneratedConstructorAccessor19.newInstance(Unknown Source)\n\tat java.base/jdk.internal.reflect.DelegatingConstructorAccessorImpl.newInstance(DelegatingConstructorAccessorImpl.java:45)\n\tat java.base/java.lang.reflect.Constructor.newInstanceWithCaller(Constructor.java:500)\n\tat java.base/java.lang.reflect.Constructor.newInstance(Constructor.java:481)\n\tat org.openqa.selenium.remote.ErrorCodec.decode(ErrorCodec.java:167)\n\tat org.openqa.selenium.remote.codec.w3c.W3CHttpResponseCodec.decode(W3CHttpResponseCodec.java:138)\n\tat org.openqa.selenium.remote.codec.w3c.W3CHttpResponseCodec.decode(W3CHttpResponseCodec.java:50)\n\tat org.openqa.selenium.remote.HttpCommandExecutor.execute(HttpCommandExecutor.java:190)\n\tat org.openqa.selenium.remote.service.DriverCommandExecutor.invokeExecute(DriverCommandExecutor.java:216)\n\tat org.openqa.selenium.remote.service.DriverCommandExecutor.execute(DriverCommandExecutor.java:174)\n\tat org.openqa.selenium.remote.RemoteWebDriver.execute(RemoteWebDriver.java:527)\n\tat org.openqa.selenium.remote.ElementLocation$ElementFinder$2.findElement(ElementLocation.java:165)\n\tat org.openqa.selenium.remote.ElementLocation.findElement(ElementLocation.java:59)\n\tat org.openqa.selenium.remote.RemoteWebDriver.findElement(RemoteWebDriver.java:357)\n\tat org.openqa.selenium.remote.RemoteWebDriver.findElement(RemoteWebDriver.java:351)\n\tat com.codeborne.selenide.impl.WebElementSelector.findElement(WebElementSelector.java:73)\n\tat com.codeborne.selenide.impl.WebElementSelector.findElement(WebElementSelector.java:46)\n\tat com.codeborne.selenide.impl.WebElementSelector.findElement(WebElementSelector.java:35)\n\tat com.codeborne.selenide.impl.ElementFinder.getWebElement(ElementFinder.java:122)\n\tat com.codeborne.selenide.impl.WebElementSource.checkConditionAndReturnElement(WebElementSource.java:115)\n\t... 28 more\n","steps":[],"attachments":[{"uid":"7717e7c5f1942efb","name":"Screenshot","source":"7717e7c5f1942efb.png","type":"image/png","size":39621},{"uid":"baa4717a44ecb088","name":"Page source","source":"baa4717a44ecb088.html","type":"text/html","size":8084}],"parameters":[],"stepsCount":0,"attachmentsCount":2,"shouldDisplayMessage":true,"hasContent":true}],"attachments":[],"parameters":[],"stepsCount":1,"attachmentsCount":2,"shouldDisplayMessage":false,"hasContent":true}],"attachments":[],"parameters":[],"stepsCount":12,"attachmentsCount":2,"shouldDisplayMessage":false,"hasContent":true},"afterStages":[{"name":"postCondition","time":{"start":1759861575647,"stop":1759861575723,"duration":76},"description":"","status":"passed","steps":[{"name":"$(\"webdriver\") close()","time":{"start":1759861575647,"stop":1759861575723,"duration":76},"status":"passed","steps":[],"attachments":[],"parameters":[],"stepsCount":0,"attachmentsCount":0,"shouldDisplayMessage":false,"hasContent":false}],"attachments":[],"parameters":[],"stepsCount":1,"attachmentsCount":0,"shouldDisplayMessage":false,"hasContent":true}],"labels":[{"name":"package","value":"tests.CalculatorTests"},{"name":"testClass","value":"tests.CalculatorTests"},{"name":"testMethod","value":"positiveIntensityTest"},{"name":"parentSuite","value":"Smoke Tests"},{"name":"suite","value":"Test on chrome"},{"name":"subSuite","value":"tests.CalculatorTests"},{"name":"host","value":"runnervmwhb2z"},{"name":"thread","value":"2171@runnervmwhb2z.TestNG-test-Test on chrome-2(22)"},{"name":"framework","value":"testng"},{"name":"language","value":"java"},{"name":"resultFormat","value":"allure2"}],"parameters":[{"name":"browserName","value":"chrome"}],"links":[],"hidden":false,"retry":false,"extra":{"severity":"normal","retries":[],"categories":[{"name":"Product defects","matchedStatuses":[],"flaky":false}],"tags":[]},"source":"bf8ca2218cfeb0f2.json","parameterValues":["chrome"]}